10:05:29,498 INFO  SparqlClassifier: converted query: SELECT DISTINCT ?subject  { 
?subject a ?expanded0 
FILTER ( ?expanded0 IN ( <http://dbpedia.org/ontology/AdultActor>, <http://dbpedia.org/ontology/VoiceActor>, <http://dbpedia.org/ontology/Actor> ) ).  

 } 
10:05:32,591 DEBUG SparqlClassifier: SELECT DISTINCT ?subject  { 
?subject a ?expanded0 
FILTER ( ?expanded0 IN ( <http://dbpedia.org/ontology/AdultActor>, <http://dbpedia.org/ontology/VoiceActor>, <http://dbpedia.org/ontology/Actor> ) ).  

 } 
10:05:32,607 DEBUG SparqlClassifier: Retrieved 33604 new Examples
10:05:32,665 INFO  Execute: Positives: 33604
10:05:32,666 INFO  Execute: Positives: 33604
10:05:34,574 INFO  Session: class org.nlp2rdf.navigator.client.common.SearchResultDTO
Needed: 1907
matching: 33604
http://dbpedia.org/resource/Alena_%C5%A0eredov%C3%A1
Label: null
Comment: null
10:05:34,724 INFO  Execute: not enough negatives found trying 67208
10:05:39,446 INFO  Session: class org.nlp2rdf.navigator.client.common.SearchResultDTO
Needed: 4722
matching: 67208
http://dbpedia.org/resource/Alena_%C5%A0eredov%C3%A1
Label: null
Comment: null
10:05:39,565 INFO  Execute: Negatives: 33604
10:05:39,788 INFO  LearnOne: Total: 67208
Positive: 10 | 33594 (00.03%)
Negative: 10 | 33594 (00.03%)
10:05:39,788 INFO  LearnOne: Training:
+http://dbpedia.org/resource/Andrea_Mason_%28actress%29
+http://dbpedia.org/resource/Art_Carney
+http://dbpedia.org/resource/Danny_McKinnon
+http://dbpedia.org/resource/Haradhan_Bandopadhyay
+http://dbpedia.org/resource/Henry_Goodman
+http://dbpedia.org/resource/Kate_Norby
+http://dbpedia.org/resource/Nathan_Lee_Chasing_His_Horse
+http://dbpedia.org/resource/Norman_Alden
+http://dbpedia.org/resource/Olivia_Williams
+http://dbpedia.org/resource/Roxy_Panther
-http://dbpedia.org/resource/Ak-Bulun
-http://dbpedia.org/resource/Akaku_%28village%29
-http://dbpedia.org/resource/Alejandro_Korn%2C_Buenos_Aires
-http://dbpedia.org/resource/Allerton_Bywater
-http://dbpedia.org/resource/Attayampalayam
-http://dbpedia.org/resource/Bad_Ditzenbach
-http://dbpedia.org/resource/Bani_Sulih
-http://dbpedia.org/resource/Bhalchaur
-http://dbpedia.org/resource/Dobr%C3%A1_Voda_u_%C4%8Cesk%C3%BDch_Bud%C4%9Bjovic
-http://dbpedia.org/resource/Drumbo

10:05:39,789 INFO  LearnOne: ignoring: http://dbpedia.org/ontology/Actor
10:05:39,861 DEBUG ComponentPool: Component instance org.dllearner.kb.sparql.SparqlKnowledgeSource@1eb7d25 added to component pool.
10:05:39,864 DEBUG ComponentPool: Component instance overall reasoning time: 0ms
 added to component pool.
10:05:39,864 DEBUG ComponentPool: Component instance org.dllearner.learningproblems.PosNegLPStandard@4ed7581b added to component pool.
10:05:39,867 DEBUG ComponentPool: Component instance org.dllearner.algorithms.refinement2.ROLComponent2@f292738 added to component pool.
10:05:39,867 INFO  SparqlKnowledgeSource: SparqlModul: Collecting Ontology
10:05:53,710 INFO  SparqlKnowledgeSource: Finished collecting fragment. needed 13582.0 ms
10:05:53,711 INFO  SparqlKnowledgeSource: SparqlModul: ****Finished  needed 13843 ms
10:05:53,711 DEBUG ComponentPool: Component instance overall reasoning time: 0ms
 added to component pool.
10:05:54,016 DEBUG FastInstanceChecker: dematerialising concepts
10:05:54,030 DEBUG FastInstanceChecker: dematerialising object properties
10:05:54,231 DEBUG FastInstanceChecker: dematerialising datatype properties
10:05:54,231 DEBUG FastInstanceChecker: TBox dematerialised in 215 ms
